2018-09-10 13:03:15 998  [main] ERROR o.s.boot.SpringApplication - Application run failed
java.lang.IllegalStateException: Logback configuration error detected: 
ERROR in ch.qos.logback.core.joran.action.AppenderAction - Could not create an Appender of type [net.logstash.logback.appender.LogstashTcpSocketAppender]. ch.qos.logback.core.util.DynamicClassLoadingException: Failed to instantiate type net.logstash.logback.appender.LogstashTcpSocketAppender
ERROR in ch.qos.logback.core.joran.spi.Interpreter@60:92 - ActionException in Action for tag [appender] ch.qos.logback.core.joran.spi.ActionException: ch.qos.logback.core.util.DynamicClassLoadingException: Failed to instantiate type net.logstash.logback.appender.LogstashTcpSocketAppender
ERROR in ch.qos.logback.core.joran.action.AppenderRefAction - Could not find an appender named [stash]. Did you define it below instead of above in the configuration file?
ERROR in ch.qos.logback.core.joran.action.AppenderRefAction - See http://logback.qos.ch/codes.html#appender_order for more details.
	at org.springframework.boot.logging.logback.LogbackLoggingSystem.loadConfiguration(LogbackLoggingSystem.java:166)
	at org.springframework.boot.logging.logback.LogbackLoggingSystem.reinitialize(LogbackLoggingSystem.java:212)
	at org.springframework.boot.logging.AbstractLoggingSystem.initializeWithConventions(AbstractLoggingSystem.java:75)
	at org.springframework.boot.logging.AbstractLoggingSystem.initialize(AbstractLoggingSystem.java:60)
	at org.springframework.boot.logging.logback.LogbackLoggingSystem.initialize(LogbackLoggingSystem.java:114)
	at org.springframework.boot.context.logging.LoggingApplicationListener.initializeSystem(LoggingApplicationListener.java:264)
	at org.springframework.boot.context.logging.LoggingApplicationListener.initialize(LoggingApplicationListener.java:237)
	at org.springframework.boot.context.logging.LoggingApplicationListener.onApplicationEnvironmentPreparedEvent(LoggingApplicationListener.java:200)
	at org.springframework.boot.context.logging.LoggingApplicationListener.onApplicationEvent(LoggingApplicationListener.java:173)
	at org.springframework.context.event.SimpleApplicationEventMulticaster.doInvokeListener(SimpleApplicationEventMulticaster.java:172)
	at org.springframework.context.event.SimpleApplicationEventMulticaster.invokeListener(SimpleApplicationEventMulticaster.java:165)
	at org.springframework.context.event.SimpleApplicationEventMulticaster.multicastEvent(SimpleApplicationEventMulticaster.java:139)
	at org.springframework.context.event.SimpleApplicationEventMulticaster.multicastEvent(SimpleApplicationEventMulticaster.java:127)
	at org.springframework.boot.context.event.EventPublishingRunListener.environmentPrepared(EventPublishingRunListener.java:74)
	at org.springframework.boot.SpringApplicationRunListeners.environmentPrepared(SpringApplicationRunListeners.java:54)
	at org.springframework.boot.SpringApplication.prepareEnvironment(SpringApplication.java:358)
	at org.springframework.boot.SpringApplication.run(SpringApplication.java:317)
	at org.springframework.boot.SpringApplication.run(SpringApplication.java:1255)
	at org.springframework.boot.SpringApplication.run(SpringApplication.java:1243)
	at com.softisland.app.SkcoinsApplication.main(SkcoinsApplication.java:18)
2018-09-10 13:05:18 926  [main] ERROR o.s.boot.SpringApplication - Application run failed
java.lang.IllegalStateException: Logback configuration error detected: 
ERROR in ch.qos.logback.core.joran.action.AppenderAction - Could not create an Appender of type [net.logstash.logback.appender.LogstashTcpSocketAppender]. ch.qos.logback.core.util.DynamicClassLoadingException: Failed to instantiate type net.logstash.logback.appender.LogstashTcpSocketAppender
ERROR in ch.qos.logback.core.joran.spi.Interpreter@60:92 - ActionException in Action for tag [appender] ch.qos.logback.core.joran.spi.ActionException: ch.qos.logback.core.util.DynamicClassLoadingException: Failed to instantiate type net.logstash.logback.appender.LogstashTcpSocketAppender
ERROR in ch.qos.logback.core.joran.action.AppenderRefAction - Could not find an appender named [stash]. Did you define it below instead of above in the configuration file?
ERROR in ch.qos.logback.core.joran.action.AppenderRefAction - See http://logback.qos.ch/codes.html#appender_order for more details.
	at org.springframework.boot.logging.logback.LogbackLoggingSystem.loadConfiguration(LogbackLoggingSystem.java:166)
	at org.springframework.boot.logging.logback.LogbackLoggingSystem.reinitialize(LogbackLoggingSystem.java:212)
	at org.springframework.boot.logging.AbstractLoggingSystem.initializeWithConventions(AbstractLoggingSystem.java:75)
	at org.springframework.boot.logging.AbstractLoggingSystem.initialize(AbstractLoggingSystem.java:60)
	at org.springframework.boot.logging.logback.LogbackLoggingSystem.initialize(LogbackLoggingSystem.java:114)
	at org.springframework.boot.context.logging.LoggingApplicationListener.initializeSystem(LoggingApplicationListener.java:264)
	at org.springframework.boot.context.logging.LoggingApplicationListener.initialize(LoggingApplicationListener.java:237)
	at org.springframework.boot.context.logging.LoggingApplicationListener.onApplicationEnvironmentPreparedEvent(LoggingApplicationListener.java:200)
	at org.springframework.boot.context.logging.LoggingApplicationListener.onApplicationEvent(LoggingApplicationListener.java:173)
	at org.springframework.context.event.SimpleApplicationEventMulticaster.doInvokeListener(SimpleApplicationEventMulticaster.java:172)
	at org.springframework.context.event.SimpleApplicationEventMulticaster.invokeListener(SimpleApplicationEventMulticaster.java:165)
	at org.springframework.context.event.SimpleApplicationEventMulticaster.multicastEvent(SimpleApplicationEventMulticaster.java:139)
	at org.springframework.context.event.SimpleApplicationEventMulticaster.multicastEvent(SimpleApplicationEventMulticaster.java:127)
	at org.springframework.boot.context.event.EventPublishingRunListener.environmentPrepared(EventPublishingRunListener.java:74)
	at org.springframework.boot.SpringApplicationRunListeners.environmentPrepared(SpringApplicationRunListeners.java:54)
	at org.springframework.boot.SpringApplication.prepareEnvironment(SpringApplication.java:358)
	at org.springframework.boot.SpringApplication.run(SpringApplication.java:317)
	at org.springframework.boot.SpringApplication.run(SpringApplication.java:1255)
	at org.springframework.boot.SpringApplication.run(SpringApplication.java:1243)
	at com.softisland.app.SkcoinsApplication.main(SkcoinsApplication.java:18)
2018-09-10 13:06:32 818  [main] INFO  c.softisland.app.SkcoinsApplication - Starting SkcoinsApplication on AQH5Q7JUUOCEZG5 with PID 6492 (F:\coins_space\skcoins-platform\skcoins\target\classes started by Administrator in F:\coins_space\skcoins-platform\skcoins)
2018-09-10 13:06:32 822  [main] INFO  c.softisland.app.SkcoinsApplication - No active profile set, falling back to default profiles: default
2018-09-10 13:06:34 3247 [main] INFO  c.softisland.app.SkcoinsApplication - Started SkcoinsApplication in 2.741 seconds (JVM running for 3.395)
2018-09-10 13:06:34 3251 [main] INFO  c.softisland.app.SkcoinsApplication - --------------------1-1-1-1----------------------------------1------------1-----------------------------------------------
------------------1----------1-------------------------------1----------1---------------------------------------------
-----------------1-------------1-----------------------------1--------1-----------------------------------------------
-----------------1-------------------------------------------1------1--------------------------------------------------
-------------------1-----------------------------------------1----1----------------------------------------------------
---------------------1---------------------------------------1--1------------------------------------------------------
-----------------------1-------------------------------------11--------------------------------------------------------
-------------------------1-----------------------------------11--------------------------------------------------------
---------------------------1---------------------------------1--1------------------------------------------------------
-----------------------------1-------------------------------1-----1---------------------------------------------------
-------------------------------1-----------------------------1--------1------------------------------------------------
------------------------------1------------------------------1-----------1--------------------------------------------
--------------1---------------1------------------------------1--------------1-------------------------------------------
---------------1------------1--------------------------------1----------------1-----------------------------------------
-----------------1-1-1-1-1-----------------------------------1--------------------------------------------------------

2018-09-10 13:07:09 804  [main] INFO  c.softisland.app.SkcoinsApplication - Starting SkcoinsApplication on AQH5Q7JUUOCEZG5 with PID 18644 (F:\coins_space\skcoins-platform\skcoins\target\classes started by Administrator in F:\coins_space\skcoins-platform\skcoins)
2018-09-10 13:07:09 814  [main] INFO  c.softisland.app.SkcoinsApplication - No active profile set, falling back to default profiles: default
2018-09-10 13:07:11 3280 [main] INFO  c.softisland.app.SkcoinsApplication - Started SkcoinsApplication in 2.784 seconds (JVM running for 3.431)
2018-09-10 13:07:11 3283 [main] INFO  c.softisland.app.SkcoinsApplication - 
--------------------1-1-1-1----------------------------------1------------1-----------------------------------------------
------------------1----------1-------------------------------1----------1---------------------------------------------
-----------------1-------------1-----------------------------1--------1-----------------------------------------------
-----------------1-------------------------------------------1------1--------------------------------------------------
-------------------1-----------------------------------------1----1----------------------------------------------------
---------------------1---------------------------------------1--1------------------------------------------------------
-----------------------1-------------------------------------11--------------------------------------------------------
-------------------------1-----------------------------------11--------------------------------------------------------
---------------------------1---------------------------------1--1------------------------------------------------------
-----------------------------1-------------------------------1-----1---------------------------------------------------
-------------------------------1-----------------------------1--------1------------------------------------------------
------------------------------1------------------------------1-----------1--------------------------------------------
--------------1---------------1------------------------------1--------------1-------------------------------------------
---------------1------------1--------------------------------1----------------1-----------------------------------------
-----------------1-1-1-1-1-----------------------------------1--------------------------------------------------------

2018-09-10 13:09:03 823  [main] INFO  c.softisland.app.SkcoinsApplication - Starting SkcoinsApplication on AQH5Q7JUUOCEZG5 with PID 18060 (F:\coins_space\skcoins-platform\skcoins\target\classes started by Administrator in F:\coins_space\skcoins-platform\skcoins)
2018-09-10 13:09:03 829  [main] INFO  c.softisland.app.SkcoinsApplication - No active profile set, falling back to default profiles: default
2018-09-10 13:09:06 3210 [main] INFO  c.softisland.app.SkcoinsApplication - Started SkcoinsApplication in 2.71 seconds (JVM running for 3.355)
2018-09-10 13:09:06 3213 [main] INFO  c.softisland.app.SkcoinsApplication - 
--------------------1-1-1-1----------------------------------1------------1-----------------------------------------------
------------------1----------1-------------------------------1----------1---------------------------------------------
-----------------1-------------1-----------------------------1--------1-----------------------------------------------
-----------------1-------------------------------------------1------1--------------------------------------------------
-------------------1-----------------------------------------1----1----------------------------------------------------
---------------------1---------------------------------------1--1------------------------------------------------------
-----------------------1-------------------------------------11--------------------------------------------------------
-------------------------1-----------------------------------11--------------------------------------------------------
---------------------------1---------------------------------1--1------------------------------------------------------
-----------------------------1-------------------------------1-----1---------------------------------------------------
-------------------------------1-----------------------------1--------1------------------------------------------------
------------------------------1------------------------------1-----------1--------------------------------------------
--------------1---------------1------------------------------1--------------1-------------------------------------------
---------------1------------1--------------------------------1----------------1-----------------------------------------
-----------------1-1-1-1-1-----------------------------------1--------------------------------------------------------

2018-09-10 13:18:40 733  [main] INFO  c.softisland.app.SkcoinsApplication - Starting SkcoinsApplication on AQH5Q7JUUOCEZG5 with PID 13800 (F:\coins_space\skcoins-platform\skcoins\target\classes started by Administrator in F:\coins_space\skcoins-platform\skcoins)
2018-09-10 13:18:40 737  [main] INFO  c.softisland.app.SkcoinsApplication - No active profile set, falling back to default profiles: default
2018-09-10 13:18:43 3423 [main] INFO  c.softisland.app.SkcoinsApplication - Started SkcoinsApplication in 2.998 seconds (JVM running for 3.637)
